MPI INIT: rank 0 of 6
MPI INIT: rank 5 of 6
MPI INIT: rank 3 of 6
MPI INIT: rank 2 of 6
MPI INIT: rank 1 of 6
MPI INIT: rank 4 of 6
NELEC = 84
U = 8
NELEC = 84
U = 8
NELEC = 84
U = 8
NELEC = 84
U = 8
NELEC = 84
U = 8
NELEC = 84
U = 8

Build MPO | Nsites =    96 | Nterms =        238 | Algorithm = FastBIP | Cutoff = 1.00e-14
 Site =     0 /    96 .. Mmpo =     4 DW = 0.00e+00 NNZ =        4 SPT = 0.0000 Tmvc = 0.000 T = 0.291
 Site =     1 /    96 .. Mmpo =     4 DW = 0.00e+00 NNZ =        7 SPT = 0.5625 Tmvc = 0.000 T = 0.000
 Site =     2 /    96 .. Mmpo =     4 DW = 0.00e+00 NNZ =        5 SPT = 0.6875 Tmvc = 0.000 T = 0.000
 Site =     3 /    96 .. Mmpo =     4 DW = 0.00e+00 NNZ =        5 SPT = 0.6875 Tmvc = 0.000 T = 0.000
 Site =     4 /    96 .. Mmpo =     4 DW = 0.00e+00 NNZ =        5 SPT = 0.6875 Tmvc = 0.000 T = 0.000
 Site =     5 /    96 .. Mmpo =     4 DW = 0.00e+00 NNZ =        5 SPT = 0.6875 Tmvc = 0.000 T = 0.000
 Site =     6 /    96 .. Mmpo =     6 DW = 0.00e+00 NNZ =        7 SPT = 0.7083 Tmvc = 0.000 T = 0.000
 Site =     7 /    96 .. Mmpo =     6 DW = 0.00e+00 NNZ =        7 SPT = 0.8056 Tmvc = 0.000 T = 0.000
 Site =     8 /    96 .. Mmpo =     6 DW = 0.00e+00 NNZ =        7 SPT = 0.8056 Tmvc = 0.000 T = 0.000
 Site =     9 /    96 .. Mmpo =     6 DW = 0.00e+00 NNZ =        7 SPT = 0.8056 Tmvc = 0.000 T = 0.000
 Site =    10 /    96 .. Mmpo =     6 DW = 0.00e+00 NNZ =        7 SPT = 0.8056 Tmvc = 0.000 T = 0.000
 Site =    11 /    96 .. Mmpo =     4 DW = 0.00e+00 NNZ =        7 SPT = 0.7083 Tmvc = 0.000 T = 0.000
 Site =    12 /    96 .. Mmpo =     6 DW = 0.00e+00 NNZ =        7 SPT = 0.7083 Tmvc = 0.000 T = 0.000
 Site =    13 /    96 .. Mmpo =     6 DW = 0.00e+00 NNZ =        9 SPT = 0.7500 Tmvc = 0.000 T = 0.000
 Site =    14 /    96 .. Mmpo =     6 DW = 0.00e+00 NNZ =        7 SPT = 0.8056 Tmvc = 0.000 T = 0.000
 Site =    15 /    96 .. Mmpo =     6 DW = 0.00e+00 NNZ =        7 SPT = 0.8056 Tmvc = 0.000 T = 0.000
 Site =    16 /    96 .. Mmpo =     6 DW = 0.00e+00 NNZ =        7 SPT = 0.8056 Tmvc = 0.000 T = 0.000
 Site =    17 /    96 .. Mmpo =     4 DW = 0.00e+00 NNZ =        7 SPT = 0.7083 Tmvc = 0.000 T = 0.000
 Site =    18 /    96 .. Mmpo =     6 DW = 0.00e+00 NNZ =        7 SPT = 0.7083 Tmvc = 0.000 T = 0.000
 Site =    19 /    96 .. Mmpo =     6 DW = 0.00e+00 NNZ =        7 SPT = 0.8056 Tmvc = 0.000 T = 0.000
 Site =    20 /    96 .. Mmpo =     6 DW = 0.00e+00 NNZ =        7 SPT = 0.8056 Tmvc = 0.000 T = 0.000
 Site =    21 /    96 .. Mmpo =     6 DW = 0.00e+00 NNZ =        7 SPT = 0.8056 Tmvc = 0.000 T = 0.000
 Site =    22 /    96 .. Mmpo =     6 DW = 0.00e+00 NNZ =        7 SPT = 0.8056 Tmvc = 0.000 T = 0.000
 Site =    23 /    96 .. Mmpo =     4 DW = 0.00e+00 NNZ =        7 SPT = 0.7083 Tmvc = 0.000 T = 0.000
 Site =    24 /    96 .. Mmpo =     6 DW = 0.00e+00 NNZ =        7 SPT = 0.7083 Tmvc = 0.000 T = 0.000
 Site =    25 /    96 .. Mmpo =     6 DW = 0.00e+00 NNZ =        9 SPT = 0.7500 Tmvc = 0.000 T = 0.000
 Site =    26 /    96 .. Mmpo =     6 DW = 0.00e+00 NNZ =        7 SPT = 0.8056 Tmvc = 0.000 T = 0.000
 Site =    27 /    96 .. Mmpo =     6 DW = 0.00e+00 NNZ =        7 SPT = 0.8056 Tmvc = 0.000 T = 0.000
 Site =    28 /    96 .. Mmpo =     6 DW = 0.00e+00 NNZ =        7 SPT = 0.8056 Tmvc = 0.000 T = 0.000
 Site =    29 /    96 .. Mmpo =     4 DW = 0.00e+00 NNZ =        7 SPT = 0.7083 Tmvc = 0.000 T = 0.000
 Site =    30 /    96 .. Mmpo =     6 DW = 0.00e+00 NNZ =        7 SPT = 0.7083 Tmvc = 0.000 T = 0.000
 Site =    31 /    96 .. Mmpo =     6 DW = 0.00e+00 NNZ =        7 SPT = 0.8056 Tmvc = 0.000 T = 0.000
 Site =    32 /    96 .. Mmpo =     6 DW = 0.00e+00 NNZ =        7 SPT = 0.8056 Tmvc = 0.000 T = 0.000
 Site =    33 /    96 .. Mmpo =     6 DW = 0.00e+00 NNZ =        7 SPT = 0.8056 Tmvc = 0.000 T = 0.000
 Site =    34 /    96 .. Mmpo =     6 DW = 0.00e+00 NNZ =        7 SPT = 0.8056 Tmvc = 0.000 T = 0.000
 Site =    35 /    96 .. Mmpo =     4 DW = 0.00e+00 NNZ =        7 SPT = 0.7083 Tmvc = 0.000 T = 0.000
 Site =    36 /    96 .. Mmpo =     6 DW = 0.00e+00 NNZ =        7 SPT = 0.7083 Tmvc = 0.000 T = 0.000
 Site =    37 /    96 .. Mmpo =     6 DW = 0.00e+00 NNZ =        9 SPT = 0.7500 Tmvc = 0.000 T = 0.000
 Site =    38 /    96 .. Mmpo =     6 DW = 0.00e+00 NNZ =        7 SPT = 0.8056 Tmvc = 0.000 T = 0.000
 Site =    39 /    96 .. Mmpo =     6 DW = 0.00e+00 NNZ =        7 SPT = 0.8056 Tmvc = 0.000 T = 0.000
 Site =    40 /    96 .. Mmpo =     6 DW = 0.00e+00 NNZ =        7 SPT = 0.8056 Tmvc = 0.000 T = 0.000
 Site =    41 /    96 .. Mmpo =     4 DW = 0.00e+00 NNZ =        7 SPT = 0.7083 Tmvc = 0.000 T = 0.000
 Site =    42 /    96 .. Mmpo =     6 DW = 0.00e+00 NNZ =        7 SPT = 0.7083 Tmvc = 0.000 T = 0.000
 Site =    43 /    96 .. Mmpo =     6 DW = 0.00e+00 NNZ =        7 SPT = 0.8056 Tmvc = 0.000 T = 0.000
 Site =    44 /    96 .. Mmpo =     6 DW = 0.00e+00 NNZ =        7 SPT = 0.8056 Tmvc = 0.000 T = 0.000
 Site =    45 /    96 .. Mmpo =     6 DW = 0.00e+00 NNZ =        7 SPT = 0.8056 Tmvc = 0.000 T = 0.000
 Site =    46 /    96 .. Mmpo =     6 DW = 0.00e+00 NNZ =        7 SPT = 0.8056 Tmvc = 0.000 T = 0.000
 Site =    47 /    96 .. Mmpo =     4 DW = 0.00e+00 NNZ =        7 SPT = 0.7083 Tmvc = 0.000 T = 0.000
 Site =    48 /    96 .. Mmpo =     6 DW = 0.00e+00 NNZ =        7 SPT = 0.7083 Tmvc = 0.000 T = 0.000
 Site =    49 /    96 .. Mmpo =     6 DW = 0.00e+00 NNZ =        9 SPT = 0.7500 Tmvc = 0.000 T = 0.000
 Site =    50 /    96 .. Mmpo =     6 DW = 0.00e+00 NNZ =        7 SPT = 0.8056 Tmvc = 0.000 T = 0.000
 Site =    51 /    96 .. Mmpo =     6 DW = 0.00e+00 NNZ =        7 SPT = 0.8056 Tmvc = 0.000 T = 0.000
 Site =    52 /    96 .. Mmpo =     6 DW = 0.00e+00 NNZ =        7 SPT = 0.8056 Tmvc = 0.000 T = 0.000
 Site =    53 /    96 .. Mmpo =     4 DW = 0.00e+00 NNZ =        7 SPT = 0.7083 Tmvc = 0.000 T = 0.000
 Site =    54 /    96 .. Mmpo =     6 DW = 0.00e+00 NNZ =        7 SPT = 0.7083 Tmvc = 0.000 T = 0.000
 Site =    55 /    96 .. Mmpo =     6 DW = 0.00e+00 NNZ =        7 SPT = 0.8056 Tmvc = 0.000 T = 0.000
 Site =    56 /    96 .. Mmpo =     6 DW = 0.00e+00 NNZ =        7 SPT = 0.8056 Tmvc = 0.000 T = 0.000
 Site =    57 /    96 .. Mmpo =     6 DW = 0.00e+00 NNZ =        7 SPT = 0.8056 Tmvc = 0.000 T = 0.000
 Site =    58 /    96 .. Mmpo =     6 DW = 0.00e+00 NNZ =        7 SPT = 0.8056 Tmvc = 0.000 T = 0.000
 Site =    59 /    96 .. Mmpo =     4 DW = 0.00e+00 NNZ =        7 SPT = 0.7083 Tmvc = 0.000 T = 0.000
 Site =    60 /    96 .. Mmpo =     6 DW = 0.00e+00 NNZ =        7 SPT = 0.7083 Tmvc = 0.000 T = 0.000
 Site =    61 /    96 .. Mmpo =     6 DW = 0.00e+00 NNZ =        9 SPT = 0.7500 Tmvc = 0.000 T = 0.000
 Site =    62 /    96 .. Mmpo =     6 DW = 0.00e+00 NNZ =        7 SPT = 0.8056 Tmvc = 0.000 T = 0.000
 Site =    63 /    96 .. Mmpo =     6 DW = 0.00e+00 NNZ =        7 SPT = 0.8056 Tmvc = 0.000 T = 0.000
 Site =    64 /    96 .. Mmpo =     6 DW = 0.00e+00 NNZ =        7 SPT = 0.8056 Tmvc = 0.000 T = 0.000
 Site =    65 /    96 .. Mmpo =     4 DW = 0.00e+00 NNZ =        7 SPT = 0.7083 Tmvc = 0.000 T = 0.000
 Site =    66 /    96 .. Mmpo =     6 DW = 0.00e+00 NNZ =        7 SPT = 0.7083 Tmvc = 0.000 T = 0.000
 Site =    67 /    96 .. Mmpo =     6 DW = 0.00e+00 NNZ =        7 SPT = 0.8056 Tmvc = 0.000 T = 0.000
 Site =    68 /    96 .. Mmpo =     6 DW = 0.00e+00 NNZ =        7 SPT = 0.8056 Tmvc = 0.000 T = 0.000
 Site =    69 /    96 .. Mmpo =     6 DW = 0.00e+00 NNZ =        7 SPT = 0.8056 Tmvc = 0.000 T = 0.000
 Site =    70 /    96 .. Mmpo =     6 DW = 0.00e+00 NNZ =        7 SPT = 0.8056 Tmvc = 0.000 T = 0.000
 Site =    71 /    96 .. Mmpo =     4 DW = 0.00e+00 NNZ =        7 SPT = 0.7083 Tmvc = 0.000 T = 0.000
 Site =    72 /    96 .. Mmpo =     6 DW = 0.00e+00 NNZ =        7 SPT = 0.7083 Tmvc = 0.000 T = 0.000
 Site =    73 /    96 .. Mmpo =     6 DW = 0.00e+00 NNZ =        9 SPT = 0.7500 Tmvc = 0.000 T = 0.000
 Site =    74 /    96 .. Mmpo =     6 DW = 0.00e+00 NNZ =        7 SPT = 0.8056 Tmvc = 0.000 T = 0.000
 Site =    75 /    96 .. Mmpo =     6 DW = 0.00e+00 NNZ =        7 SPT = 0.8056 Tmvc = 0.000 T = 0.000
 Site =    76 /    96 .. Mmpo =     6 DW = 0.00e+00 NNZ =        7 SPT = 0.8056 Tmvc = 0.000 T = 0.000
 Site =    77 /    96 .. Mmpo =     4 DW = 0.00e+00 NNZ =        7 SPT = 0.7083 Tmvc = 0.000 T = 0.000
 Site =    78 /    96 .. Mmpo =     6 DW = 0.00e+00 NNZ =        7 SPT = 0.7083 Tmvc = 0.000 T = 0.000
 Site =    79 /    96 .. Mmpo =     6 DW = 0.00e+00 NNZ =        7 SPT = 0.8056 Tmvc = 0.000 T = 0.000
 Site =    80 /    96 .. Mmpo =     6 DW = 0.00e+00 NNZ =        7 SPT = 0.8056 Tmvc = 0.000 T = 0.000
 Site =    81 /    96 .. Mmpo =     6 DW = 0.00e+00 NNZ =        7 SPT = 0.8056 Tmvc = 0.000 T = 0.000
 Site =    82 /    96 .. Mmpo =     6 DW = 0.00e+00 NNZ =        7 SPT = 0.8056 Tmvc = 0.000 T = 0.000
 Site =    83 /    96 .. Mmpo =     4 DW = 0.00e+00 NNZ =        7 SPT = 0.7083 Tmvc = 0.000 T = 0.000
 Site =    84 /    96 .. Mmpo =     6 DW = 0.00e+00 NNZ =        7 SPT = 0.7083 Tmvc = 0.000 T = 0.000
 Site =    85 /    96 .. Mmpo =     6 DW = 0.00e+00 NNZ =        9 SPT = 0.7500 Tmvc = 0.000 T = 0.000
 Site =    86 /    96 .. Mmpo =     6 DW = 0.00e+00 NNZ =        7 SPT = 0.8056 Tmvc = 0.000 T = 0.000
 Site =    87 /    96 .. Mmpo =     6 DW = 0.00e+00 NNZ =        7 SPT = 0.8056 Tmvc = 0.000 T = 0.000
 Site =    88 /    96 .. Mmpo =     6 DW = 0.00e+00 NNZ =        7 SPT = 0.8056 Tmvc = 0.000 T = 0.000
 Site =    89 /    96 .. Mmpo =     4 DW = 0.00e+00 NNZ =        7 SPT = 0.7083 Tmvc = 0.000 T = 0.000
 Site =    90 /    96 .. Mmpo =     4 DW = 0.00e+00 NNZ =        5 SPT = 0.6875 Tmvc = 0.000 T = 0.000
 Site =    91 /    96 .. Mmpo =     4 DW = 0.00e+00 NNZ =        5 SPT = 0.6875 Tmvc = 0.000 T = 0.000
 Site =    92 /    96 .. Mmpo =     4 DW = 0.00e+00 NNZ =        5 SPT = 0.6875 Tmvc = 0.000 T = 0.000
 Site =    93 /    96 .. Mmpo =     4 DW = 0.00e+00 NNZ =        5 SPT = 0.6875 Tmvc = 0.000 T = 0.000
 Site =    94 /    96 .. Mmpo =     4 DW = 0.00e+00 NNZ =        5 SPT = 0.6875 Tmvc = 0.000 T = 0.000
 Site =    95 /    96 .. Mmpo =     1 DW = 0.00e+00 NNZ =        4 SPT = 0.0000 Tmvc = 0.000 T = 0.000
Ttotal =      0.301 Tmvc-total = 0.001 MPO bond dimension =     6 MaxDW = 0.00e+00
NNZ =          662 SIZE =         2856 SPT = 0.7682

Rank =     0 Ttotal =      2.768 MPO method = FastBipartite bond dimension =       6 NNZ =          662 SIZE =         2856 SPT = 0.7682
Rank =     3 Ttotal =      0.041 MPO method = FastBipartite bond dimension =       4 NNZ =          514 SIZE =         1344 SPT = 0.6176
Rank =     2 Ttotal =      2.760 MPO method = FastBipartite bond dimension =       6 NNZ =          574 SIZE =         1848 SPT = 0.6894
Rank =     1 Ttotal =      2.765 MPO method = FastBipartite bond dimension =       6 NNZ =          634 SIZE =         2432 SPT = 0.7393
Rank =     4 Ttotal =      2.759 MPO method = FastBipartite bond dimension =       4 NNZ =          454 SIZE =          952 SPT = 0.5231
Rank =     5 Ttotal =      2.769 MPO method = FastBipartite bond dimension =       4 NNZ =          378 SIZE =          590 SPT = 0.3593
Environment initialization | Nsites =    96 | Center =     5
 INIT-L --> Site =    1 ..  Bmem =   104 B Rmem =   104 B T = 0.07
 INIT-L --> Site =    2 ..  Bmem =   800 B Rmem =   800 B T = 0.01
 INIT-L --> Site =    3 ..  Bmem = 7.38 KB Rmem = 7.38 KB T = 0.02
 INIT-L --> Site =    4 ..  Bmem = 78.1 KB Rmem = 78.1 KB T = 0.02
 INIT-L --> Site =    5 ..  Bmem =  888 KB Rmem =  888 KB T = 0.04
 INIT-R <-- Site =   93 ..  Bmem =   104 B Rmem =   104 B T = 0.06
 INIT-R <-- Site =   92 ..  Bmem =   800 B Rmem =   800 B T = 0.01
 INIT-R <-- Site =   91 ..  Bmem = 7.38 KB Rmem = 7.38 KB T = 0.01
 INIT-R <-- Site =   90 ..  Bmem = 78.1 KB Rmem = 78.1 KB T = 0.02
 INIT-R <-- Site =   89 ..  Bmem =  888 KB Rmem =  888 KB T = 0.04
 INIT-R <-- Site =   88 ..  Bmem = 10.4 MB Rmem = 10.4 MB T = 0.16
 INIT-R <-- Site =   87 ..  Bmem =  194 MB Rmem =  194 MB T = 0.72
 INIT-R <-- Site =   86 ..  Bmem = 2.43 GB Rmem = 2.38 GB T = 4.52
 INIT-R <-- Site =   85 ..  Bmem = 31.2 GB Rmem = 4.21 GB T = 18.77
 INIT-R <-- Site =   84 ..  Bmem = 56.5 GB Rmem = 4.29 GB T = 27.06
 INIT-R <-- Site =   83 ..  Bmem = 57.7 GB Rmem = 4.41 GB T = 28.35
 INIT-R <-- Site =   82 ..  Bmem = 38.8 GB Rmem = 2.97 GB T = 25.16
 INIT-R <-- Site =   81 ..  Bmem = 60.6 GB Rmem = 4.58 GB T = 28.55
 INIT-R <-- Site =   80 ..  Bmem = 61.2 GB Rmem = 4.61 GB T = 29.79
 INIT-R <-- Site =   79 ..  Bmem = 61.6 GB Rmem = 4.64 GB T = 29.72
 INIT-R <-- Site =   78 ..  Bmem = 61.9 GB Rmem = 4.66 GB T = 31.47
 INIT-R <-- Site =   77 ..  Bmem = 62.2 GB Rmem = 4.69 GB T = 32.44
 INIT-R <-- Site =   76 ..  Bmem = 41.0 GB Rmem = 3.12 GB T = 28.68
 INIT-R <-- Site =   75 ..  Bmem = 63.1 GB Rmem = 4.70 GB T = 31.60
 INIT-R <-- Site =   74 ..  Bmem = 62.6 GB Rmem = 4.70 GB T = 32.93
 INIT-R <-- Site =   73 ..  Bmem = 62.6 GB Rmem = 4.70 GB T = 31.72
 INIT-R <-- Site =   72 ..  Bmem = 62.7 GB Rmem = 4.71 GB T = 32.70
 INIT-R <-- Site =   71 ..  Bmem = 62.7 GB Rmem = 4.72 GB T = 32.93
 INIT-R <-- Site =   70 ..  Bmem = 41.2 GB Rmem = 3.11 GB T = 28.35
 INIT-R <-- Site =   69 ..  Bmem = 63.0 GB Rmem = 4.71 GB T = 32.95
 INIT-R <-- Site =   68 ..  Bmem = 62.7 GB Rmem = 4.70 GB T = 30.88
 INIT-R <-- Site =   67 ..  Bmem = 62.6 GB Rmem = 4.70 GB T = 32.92
 INIT-R <-- Site =   66 ..  Bmem = 62.6 GB Rmem = 4.70 GB T = 32.03
 INIT-R <-- Site =   65 ..  Bmem = 62.6 GB Rmem = 4.69 GB T = 31.70
 INIT-R <-- Site =   64 ..  Bmem = 41.0 GB Rmem = 3.12 GB T = 27.41
 INIT-R <-- Site =   63 ..  Bmem = 63.0 GB Rmem = 4.69 GB T = 31.10
 INIT-R <-- Site =   62 ..  Bmem = 62.5 GB Rmem = 4.68 GB T = 29.78
 INIT-R <-- Site =   61 ..  Bmem = 62.3 GB Rmem = 4.67 GB T = 31.65
 INIT-R <-- Site =   60 ..  Bmem = 62.3 GB Rmem = 4.67 GB T = 32.65
 INIT-R <-- Site =   59 ..  Bmem = 62.3 GB Rmem = 4.67 GB T = 31.54
 INIT-R <-- Site =   58 ..  Bmem = 40.8 GB Rmem = 3.08 GB T = 28.48
 INIT-R <-- Site =   57 ..  Bmem = 62.5 GB Rmem = 4.67 GB T = 31.82
 INIT-R <-- Site =   56 ..  Bmem = 62.3 GB Rmem = 4.65 GB T = 30.23
 INIT-R <-- Site =   55 ..  Bmem = 62.1 GB Rmem = 4.66 GB T = 30.49
 INIT-R <-- Site =   54 ..  Bmem = 62.1 GB Rmem = 4.66 GB T = 30.61
 INIT-R <-- Site =   53 ..  Bmem = 62.1 GB Rmem = 4.66 GB T = 29.98
 INIT-R <-- Site =   52 ..  Bmem = 40.7 GB Rmem = 3.10 GB T = 26.66
 INIT-R <-- Site =   51 ..  Bmem = 62.8 GB Rmem = 4.65 GB T = 31.32
 INIT-R <-- Site =   50 ..  Bmem = 62.1 GB Rmem = 4.65 GB T = 30.24
 INIT-R <-- Site =   49 ..  Bmem = 62.0 GB Rmem = 4.64 GB T = 29.45
 INIT-R <-- Site =   48 ..  Bmem = 62.0 GB Rmem = 4.64 GB T = 30.84
 INIT-R <-- Site =   47 ..  Bmem = 62.0 GB Rmem = 4.65 GB T = 31.73
 INIT-R <-- Site =   46 ..  Bmem = 40.7 GB Rmem = 3.06 GB T = 27.04
 INIT-R <-- Site =   45 ..  Bmem = 62.2 GB Rmem = 4.65 GB T = 30.21
 INIT-R <-- Site =   44 ..  Bmem = 62.1 GB Rmem = 4.64 GB T = 30.76
 INIT-R <-- Site =   43 ..  Bmem = 62.0 GB Rmem = 4.64 GB T = 31.09
 INIT-R <-- Site =   42 ..  Bmem = 62.0 GB Rmem = 4.65 GB T = 30.86
 INIT-R <-- Site =   41 ..  Bmem = 62.0 GB Rmem = 4.65 GB T = 31.70
 INIT-R <-- Site =   40 ..  Bmem = 40.7 GB Rmem = 3.10 GB T = 26.78
 INIT-R <-- Site =   39 ..  Bmem = 62.8 GB Rmem = 4.66 GB T = 31.45
 INIT-R <-- Site =   38 ..  Bmem = 62.2 GB Rmem = 4.66 GB T = 33.05
 INIT-R <-- Site =   37 ..  Bmem = 62.1 GB Rmem = 4.65 GB T = 32.40
 INIT-R <-- Site =   36 ..  Bmem = 62.1 GB Rmem = 4.66 GB T = 30.74
 INIT-R <-- Site =   35 ..  Bmem = 62.1 GB Rmem = 4.67 GB T = 30.26
 INIT-R <-- Site =   34 ..  Bmem = 40.8 GB Rmem = 3.08 GB T = 27.63
 INIT-R <-- Site =   33 ..  Bmem = 62.5 GB Rmem = 4.67 GB T = 31.28
 INIT-R <-- Site =   32 ..  Bmem = 62.3 GB Rmem = 4.67 GB T = 31.18
 INIT-R <-- Site =   31 ..  Bmem = 62.3 GB Rmem = 4.67 GB T = 29.75
 INIT-R <-- Site =   30 ..  Bmem = 62.3 GB Rmem = 4.67 GB T = 31.82
 INIT-R <-- Site =   29 ..  Bmem = 62.3 GB Rmem = 4.68 GB T = 31.75
 INIT-R <-- Site =   28 ..  Bmem = 40.9 GB Rmem = 3.12 GB T = 26.74
 INIT-R <-- Site =   27 ..  Bmem = 63.0 GB Rmem = 4.69 GB T = 31.10
 INIT-R <-- Site =   26 ..  Bmem = 62.5 GB Rmem = 4.69 GB T = 32.16
 INIT-R <-- Site =   25 ..  Bmem = 62.5 GB Rmem = 4.70 GB T = 32.55
 INIT-R <-- Site =   24 ..  Bmem = 62.6 GB Rmem = 4.70 GB T = 31.00
 INIT-R <-- Site =   23 ..  Bmem = 62.6 GB Rmem = 4.71 GB T = 32.81
 INIT-R <-- Site =   22 ..  Bmem = 41.1 GB Rmem = 3.11 GB T = 26.75
 INIT-R <-- Site =   21 ..  Bmem = 63.0 GB Rmem = 4.72 GB T = 31.95
 INIT-R <-- Site =   20 ..  Bmem = 62.8 GB Rmem = 4.71 GB T = 30.83
 INIT-R <-- Site =   19 ..  Bmem = 62.7 GB Rmem = 4.71 GB T = 31.89
 INIT-R <-- Site =   18 ..  Bmem = 62.7 GB Rmem = 4.70 GB T = 29.95
 INIT-R <-- Site =   17 ..  Bmem = 62.7 GB Rmem = 4.70 GB T = 30.73
 INIT-R <-- Site =   16 ..  Bmem = 41.0 GB Rmem = 3.12 GB T = 27.87
 INIT-R <-- Site =   15 ..  Bmem = 63.1 GB Rmem = 4.69 GB T = 29.43
 INIT-R <-- Site =   14 ..  Bmem = 62.5 GB Rmem = 4.66 GB T = 31.00
 INIT-R <-- Site =   13 ..  Bmem = 62.2 GB Rmem = 4.64 GB T = 35.92
 INIT-R <-- Site =   12 ..  Bmem = 61.9 GB Rmem = 4.61 GB T = 31.67
 INIT-R <-- Site =   11 ..  Bmem = 61.6 GB Rmem = 4.58 GB T = 30.78
 INIT-R <-- Site =   10 ..  Bmem = 40.1 GB Rmem = 2.97 GB T = 26.38
 INIT-R <-- Site =    9 ..  Bmem = 60.6 GB Rmem = 4.41 GB T = 29.81
 INIT-R <-- Site =    8 ..  Bmem = 59.3 GB Rmem = 4.29 GB T = 28.85
 INIT-R <-- Site =    7 ..  Bmem = 57.7 GB Rmem = 4.20 GB T = 27.24
 INIT-R <-- Site =    6 ..  Bmem = 56.4 GB Rmem = 6.12 GB T = 34.64
 INIT-R <-- Site =    5 ..  Bmem = 75.4 GB Rmem = 9.39 GB T = 61.22
Time init sweep =     2495.390 | MaxBmem = 75.4 GB | MaxRmem = 9.39 GB
 | Tread = 0.000 | Twrite = 259.144 | Tfpread = 0.000 | Tfpwrite = 257.605 | data = 364 GB | cpsd = 236 GB | Tasync = 0.000


Sweep =    9 | Direction = backward | Bond dimension = 32000 | Noise =  0.00e+00 | Dav threshold =  1.00e-06
 <-- Site =    5-   6 .. Mmps =31272 Ndav =   1 E =    -67.7273232270 Error = 3.78e-22 FLOPS = 2.32e+12 Tdav = 3.40 T = 3592.98
 <-- Site =    4-   5 .. Mmps = 9176 Ndav =   1 E =    -67.7273232270 Error = 1.08e-22 FLOPS = 1.41e+12 Tdav = 1.36 T = 3213.51
 <-- Site =    3-   4 .. Mmps =  842 Ndav =   1 E =    -67.7273232270 Error = 1.80e-23 FLOPS = 2.74e+11 Tdav = 0.15 T = 61.24
 <-- Site =    2-   3 .. Mmps =  267 Ndav =   1 E =    -67.7273232270 Error = 6.52e-25 FLOPS = 8.93e+08 Tdav = 0.07 T = 1.10
 <-- Site =    1-   2 .. Mmps =   51 Ndav =   1 E =    -67.7273232270 Error = 4.53e-34 FLOPS = 7.45e+07 Tdav = 0.03 T = 0.37
 <-- Site =    0-   1 .. Mmps =   12 Ndav =   1 E =    -67.7273232270 Error = 9.15e-33 FLOPS = 1.36e+06 Tdav = 0.03 T = 0.14
Time elapsed =   7074.985 | E =     -67.7273232270 | DE = -6.77e+01 | DW = 3.78e-22
Time sweep =     7074.985 | 8.97 TFLOP/SWP
 | Tcomm = 5.953 | Tidle = 6010.684 | Twait = 0.000 | Dmem = 9.65 GB (2%) | Imem = 39.9 KB (92%) | Hmem = 71.4 GB | Wmem = 134 MB | Pmem = 0 B
 | Tread = 6.389 | Twrite = 4.156 | Tfpread = 6.360 | Tfpwrite = 3.971 | Tmporead = 0.000 | Tasync = 0.000
 | data = 6.33 GB | cpsd = 3.39 GB
 | Trot = 67.034 | Tctr = 0.002 | Tint = 0.001 | Tmid = 0.000 | Tdctr = 0.103 | Tdiag = 1.648 | Tinfo = 1.791
 | Teff = 24.908 | Tprt = 0.000 | Teig = 5.048 | Tblk = 6794.017 | Tmve = 75.331 | Tdm = 6.539 | Tsplt = 6754.374 | Tsvd = 0.000 | Torth = 0.000

ATTENTION: DMRG is not converged to desired tolerance of 1.000e-12
DMRG energy =  -67.727323226993619
DMRG energy =  -67.727323226993619
DMRG energy =  -67.727323226993619
DMRG energy =  -67.727323226993619
DMRG energy =  -67.727323226993619
DMRG energy =  -67.727323226993619
npdm string = (C+D)0
npdm string = (C+D)0
npdm string = (C+D)0
npdm string = (C+D)0
npdm string = (C+D)0
npdm string = (C+D)0

Build NPDM MPO | Nsites =    96 | Nmaxops =  2 | SymbolFree = T | Cutoff = 0.00e+00
  -- Parallel | Size =   6 | Rank =   0 | ExeModel = Distributed | Center =    94
 Site =     0 /    96 .. L =        4 (      1)  R =        1 (      1)* M =            0 Tmid = 0.000 T = 0.052
 Site =     1 /    96 .. L =        4 (      1)  R =      191 (     31)* M =          191 (          30 =  15%) Tmid = 0.000 T = 0.000
 Site =     2 /    96 .. L =        4 (      1)  R =      189 (     31)* M =          189 (          30 =  15%) Tmid = 0.000 T = 0.000
 Site =     3 /    96 .. L =        4 (      1)  R =      187 (     31)* M =          187 (          30 =  16%) Tmid = 0.000 T = 0.000
 Site =     4 /    96 .. L =        4 (      1)  R =      185 (     31)* M =          185 (          30 =  16%) Tmid = 0.000 T = 0.000
 Site =     5 /    96 .. L =        4 (      1)  R =      183 (     31)* M =          183 (          30 =  16%) Tmid = 0.000 T = 0.000
 Site =     6 /    96 .. L =        4 (      1)  R =      181 (     31)* M =          181 (          30 =  16%) Tmid = 0.000 T = 0.000
 Site =     7 /    96 .. L =        4 (      1)  R =      179 (     29)* M =          179 (          28 =  15%) Tmid = 0.000 T = 0.000
 Site =     8 /    96 .. L =        4 (      1)  R =      177 (     29)* M =          177 (          28 =  15%) Tmid = 0.000 T = 0.000
 Site =     9 /    96 .. L =        4 (      1)  R =      175 (     29)* M =          175 (          28 =  16%) Tmid = 0.000 T = 0.000
 Site =    10 /    96 .. L =        4 (      1)  R =      173 (     29)* M =          173 (          28 =  16%) Tmid = 0.000 T = 0.000
 Site =    11 /    96 .. L =        4 (      1)  R =      171 (     29)* M =          171 (          28 =  16%) Tmid = 0.000 T = 0.000
 Site =    12 /    96 .. L =        4 (      1)  R =      169 (     29)* M =          169 (          28 =  16%) Tmid = 0.000 T = 0.000
 Site =    13 /    96 .. L =        4 (      1)  R =      167 (     27)* M =          167 (          26 =  15%) Tmid = 0.000 T = 0.000
 Site =    14 /    96 .. L =        4 (      1)  R =      165 (     27)* M =          165 (          26 =  15%) Tmid = 0.000 T = 0.000
 Site =    15 /    96 .. L =        4 (      1)  R =      163 (     27)* M =          163 (          26 =  15%) Tmid = 0.000 T = 0.000
 Site =    16 /    96 .. L =        4 (      1)  R =      161 (     27)* M =          161 (          26 =  16%) Tmid = 0.000 T = 0.000
 Site =    17 /    96 .. L =        4 (      1)  R =      159 (     27)* M =          159 (          26 =  16%) Tmid = 0.000 T = 0.000
 Site =    18 /    96 .. L =        4 (      1)  R =      157 (     27)* M =          157 (          26 =  16%) Tmid = 0.000 T = 0.000
 Site =    19 /    96 .. L =        4 (      1)  R =      155 (     25)* M =          155 (          24 =  15%) Tmid = 0.000 T = 0.000
 Site =    20 /    96 .. L =        4 (      1)  R =      153 (     25)* M =          153 (          24 =  15%) Tmid = 0.000 T = 0.000
 Site =    21 /    96 .. L =        4 (      1)  R =      151 (     25)* M =          151 (          24 =  15%) Tmid = 0.000 T = 0.000
 Site =    22 /    96 .. L =        4 (      1)  R =      149 (     25)* M =          149 (          24 =  16%) Tmid = 0.000 T = 0.000
 Site =    23 /    96 .. L =        4 (      1)  R =      147 (     25)* M =          147 (          24 =  16%) Tmid = 0.000 T = 0.000
 Site =    24 /    96 .. L =        4 (      1)  R =      145 (     25)* M =          145 (          24 =  16%) Tmid = 0.000 T = 0.000
 Site =    25 /    96 .. L =        4 (      1)  R =      143 (     23)* M =          143 (          22 =  15%) Tmid = 0.000 T = 0.000
 Site =    26 /    96 .. L =        4 (      1)  R =      141 (     23)* M =          141 (          22 =  15%) Tmid = 0.000 T = 0.000
 Site =    27 /    96 .. L =        4 (      1)  R =      139 (     23)* M =          139 (          22 =  15%) Tmid = 0.000 T = 0.000
 Site =    28 /    96 .. L =        4 (      1)  R =      137 (     23)* M =          137 (          22 =  16%) Tmid = 0.000 T = 0.000
 Site =    29 /    96 .. L =        4 (      1)  R =      135 (     23)* M =          135 (          22 =  16%) Tmid = 0.000 T = 0.000
 Site =    30 /    96 .. L =        4 (      1)  R =      133 (     23)* M =          133 (          22 =  16%) Tmid = 0.000 T = 0.000
 Site =    31 /    96 .. L =        4 (      1)  R =      131 (     21)* M =          131 (          20 =  15%) Tmid = 0.000 T = 0.000
 Site =    32 /    96 .. L =        4 (      1)  R =      129 (     21)* M =          129 (          20 =  15%) Tmid = 0.000 T = 0.000
 Site =    33 /    96 .. L =        4 (      1)  R =      127 (     21)* M =          127 (          20 =  15%) Tmid = 0.000 T = 0.000
 Site =    34 /    96 .. L =        4 (      1)  R =      125 (     21)* M =          125 (          20 =  16%) Tmid = 0.000 T = 0.000
 Site =    35 /    96 .. L =        4 (      1)  R =      123 (     21)* M =          123 (          20 =  16%) Tmid = 0.000 T = 0.000
 Site =    36 /    96 .. L =        4 (      1)  R =      121 (     21)* M =          121 (          20 =  16%) Tmid = 0.000 T = 0.000
 Site =    37 /    96 .. L =        4 (      1)  R =      119 (     19)* M =          119 (          18 =  15%) Tmid = 0.000 T = 0.000
 Site =    38 /    96 .. L =        4 (      1)  R =      117 (     19)* M =          117 (          18 =  15%) Tmid = 0.000 T = 0.000
 Site =    39 /    96 .. L =        4 (      1)  R =      115 (     19)* M =          115 (          18 =  15%) Tmid = 0.000 T = 0.000
 Site =    40 /    96 .. L =        4 (      1)  R =      113 (     19)* M =          113 (          18 =  15%) Tmid = 0.000 T = 0.000
 Site =    41 /    96 .. L =        4 (      1)  R =      111 (     19)* M =          111 (          18 =  16%) Tmid = 0.000 T = 0.000
 Site =    42 /    96 .. L =        4 (      1)  R =      109 (     19)* M =          109 (          18 =  16%) Tmid = 0.000 T = 0.000
 Site =    43 /    96 .. L =        4 (      1)  R =      107 (     17)* M =          107 (          16 =  14%) Tmid = 0.000 T = 0.000
 Site =    44 /    96 .. L =        4 (      1)  R =      105 (     17)* M =          105 (          16 =  15%) Tmid = 0.000 T = 0.000
 Site =    45 /    96 .. L =        4 (      1)  R =      103 (     17)* M =          103 (          16 =  15%) Tmid = 0.000 T = 0.000
 Site =    46 /    96 .. L =        4 (      1)  R =      101 (     17)* M =          101 (          16 =  15%) Tmid = 0.000 T = 0.000
 Site =    47 /    96 .. L =        4 (      1)  R =       99 (     17)* M =           99 (          16 =  16%) Tmid = 0.000 T = 0.000
 Site =    48 /    96 .. L =        4 (      1)  R =       97 (     17)* M =           97 (          16 =  16%) Tmid = 0.000 T = 0.000
 Site =    49 /    96 .. L =        4 (      1)  R =       95 (     15)* M =           95 (          14 =  14%) Tmid = 0.000 T = 0.000
 Site =    50 /    96 .. L =        4 (      1)  R =       93 (     15)* M =           93 (          14 =  15%) Tmid = 0.000 T = 0.000
 Site =    51 /    96 .. L =        4 (      1)  R =       91 (     15)* M =           91 (          14 =  15%) Tmid = 0.000 T = 0.000
 Site =    52 /    96 .. L =        4 (      1)  R =       89 (     15)* M =           89 (          14 =  15%) Tmid = 0.000 T = 0.000
 Site =    53 /    96 .. L =        4 (      1)  R =       87 (     15)* M =           87 (          14 =  16%) Tmid = 0.000 T = 0.000
 Site =    54 /    96 .. L =        4 (      1)  R =       85 (     15)* M =           85 (          14 =  16%) Tmid = 0.000 T = 0.000
 Site =    55 /    96 .. L =        4 (      1)  R =       83 (     13)* M =           83 (          12 =  14%) Tmid = 0.000 T = 0.000
 Site =    56 /    96 .. L =        4 (      1)  R =       81 (     13)* M =           81 (          12 =  14%) Tmid = 0.000 T = 0.000
 Site =    57 /    96 .. L =        4 (      1)  R =       79 (     13)* M =           79 (          12 =  15%) Tmid = 0.000 T = 0.000
 Site =    58 /    96 .. L =        4 (      1)  R =       77 (     13)* M =           77 (          12 =  15%) Tmid = 0.000 T = 0.000
 Site =    59 /    96 .. L =        4 (      1)  R =       75 (     13)* M =           75 (          12 =  16%) Tmid = 0.000 T = 0.000
 Site =    60 /    96 .. L =        4 (      1)  R =       73 (     13)* M =           73 (          12 =  16%) Tmid = 0.000 T = 0.000
 Site =    61 /    96 .. L =        4 (      1)  R =       71 (     11)* M =           71 (          10 =  14%) Tmid = 0.000 T = 0.000
 Site =    62 /    96 .. L =        4 (      1)  R =       69 (     11)* M =           69 (          10 =  14%) Tmid = 0.000 T = 0.000
 Site =    63 /    96 .. L =        4 (      1)  R =       67 (     11)* M =           67 (          10 =  14%) Tmid = 0.000 T = 0.000
 Site =    64 /    96 .. L =        4 (      1)  R =       65 (     11)* M =           65 (          10 =  15%) Tmid = 0.000 T = 0.000
 Site =    65 /    96 .. L =        4 (      1)  R =       63 (     11)* M =           63 (          10 =  15%) Tmid = 0.000 T = 0.000
 Site =    66 /    96 .. L =        4 (      1)  R =       61 (     11)* M =           61 (          10 =  16%) Tmid = 0.000 T = 0.000
 Site =    67 /    96 .. L =        4 (      1)  R =       59 (      9)* M =           59 (           8 =  13%) Tmid = 0.000 T = 0.000
 Site =    68 /    96 .. L =        4 (      1)  R =       57 (      9)* M =           57 (           8 =  14%) Tmid = 0.000 T = 0.000
 Site =    69 /    96 .. L =        4 (      1)  R =       55 (      9)* M =           55 (           8 =  14%) Tmid = 0.000 T = 0.000
 Site =    70 /    96 .. L =        4 (      1)  R =       53 (      9)* M =           53 (           8 =  15%) Tmid = 0.000 T = 0.000
 Site =    71 /    96 .. L =        4 (      1)  R =       51 (      9)* M =           51 (           8 =  15%) Tmid = 0.000 T = 0.000
 Site =    72 /    96 .. L =        4 (      1)  R =       49 (      9)* M =           49 (           8 =  16%) Tmid = 0.000 T = 0.000
 Site =    73 /    96 .. L =        4 (      1)  R =       47 (      7)* M =           47 (           6 =  12%) Tmid = 0.000 T = 0.000
 Site =    74 /    96 .. L =        4 (      1)  R =       45 (      7)* M =           45 (           6 =  13%) Tmid = 0.000 T = 0.000
 Site =    75 /    96 .. L =        4 (      1)  R =       43 (      7)* M =           43 (           6 =  13%) Tmid = 0.000 T = 0.000
 Site =    76 /    96 .. L =        4 (      1)  R =       41 (      7)* M =           41 (           6 =  14%) Tmid = 0.000 T = 0.000
 Site =    77 /    96 .. L =        4 (      1)  R =       39 (      7)* M =           39 (           6 =  15%) Tmid = 0.000 T = 0.000
 Site =    78 /    96 .. L =        4 (      1)  R =       37 (      7)* M =           37 (           6 =  16%) Tmid = 0.000 T = 0.000
 Site =    79 /    96 .. L =        4 (      1)  R =       35 (      5)* M =           35 (           4 =  11%) Tmid = 0.000 T = 0.000
 Site =    80 /    96 .. L =        4 (      1)  R =       33 (      5)* M =           33 (           4 =  12%) Tmid = 0.000 T = 0.000
 Site =    81 /    96 .. L =        4 (      1)  R =       31 (      5)* M =           31 (           4 =  12%) Tmid = 0.000 T = 0.000
 Site =    82 /    96 .. L =        4 (      1)  R =       29 (      5)* M =           29 (           4 =  13%) Tmid = 0.000 T = 0.000
 Site =    83 /    96 .. L =        4 (      1)  R =       27 (      5)* M =           27 (           4 =  14%) Tmid = 0.000 T = 0.000
 Site =    84 /    96 .. L =        4 (      1)  R =       25 (      5)* M =           25 (           4 =  16%) Tmid = 0.000 T = 0.000
 Site =    85 /    96 .. L =        4 (      1)  R =       23 (      3)* M =           23 (           2 =   8%) Tmid = 0.000 T = 0.000
 Site =    86 /    96 .. L =        4 (      1)  R =       21 (      3)* M =           21 (           2 =   9%) Tmid = 0.000 T = 0.000
 Site =    87 /    96 .. L =        4 (      1)  R =       19 (      3)* M =           19 (           2 =  10%) Tmid = 0.000 T = 0.000
 Site =    88 /    96 .. L =        4 (      1)  R =       17 (      3)* M =           17 (           2 =  11%) Tmid = 0.000 T = 0.000
 Site =    89 /    96 .. L =        4 (      1)  R =       15 (      3)* M =           15 (           2 =  13%) Tmid = 0.000 T = 0.000
 Site =    90 /    96 .. L =        4 (      1)  R =       13 (      3)* M =           13 (           2 =  15%) Tmid = 0.000 T = 0.000
 Site =    91 /    96 .. L =        4 (      1)  R =       11 (      1)* M =           11 (           0 =   0%) Tmid = 0.000 T = 0.000
 Site =    92 /    96 .. L =        4 (      1)  R =        9 (      1)* M =            9 (           0 =   0%) Tmid = 0.000 T = 0.000
 Site =    93 /    96 .. L =        4 (      1)  R =        7 (      1)* M =            7 (           0 =   0%) Tmid = 0.000 T = 0.000
 Site =    94 /    96 .. L =        4 (      1)* R =        5 (      1)* M =            5 (           0 =   0%) Tmid = 0.000 T = 0.000
 Site =    95 /    96 .. L =        1 (      1)* R =        4 (      2)  M =            4 (           1 =  25%) Tmid = 0.000 T = 0.000
Ttotal =      0.065

Environment initialization | Nsites =    96 | Center =     0
 INIT-R <-- Site =   94 ..  Bmem =    80 B Rmem =    80 B T = 0.06
 INIT-R <-- Site =   93 ..  Bmem =    80 B Rmem =   160 B T = 0.03
 INIT-R <-- Site =   92 ..  Bmem =   160 B Rmem = 1.37 KB T = 0.03
 INIT-R <-- Site =   91 ..  Bmem = 1.37 KB Rmem = 13.8 KB T = 0.04
 INIT-R <-- Site =   90 ..  Bmem = 13.8 KB Rmem =  152 KB T = 0.03
 INIT-R <-- Site =   89 ..  Bmem =  152 KB Rmem = 6.91 MB T = 0.10
 INIT-R <-- Site =   88 ..  Bmem = 6.91 MB Rmem = 86.6 MB T = 0.35
 INIT-R <-- Site =   87 ..  Bmem = 86.6 MB Rmem = 1.06 GB T = 2.67
 INIT-R <-- Site =   86 ..  Bmem = 1.06 GB Rmem = 1.88 GB T = 14.94
 INIT-R <-- Site =   85 ..  Bmem = 1.88 GB Rmem = 1.92 GB T = 23.25
 INIT-R <-- Site =   84 ..  Bmem = 1.92 GB Rmem = 1.98 GB T = 25.23
 INIT-R <-- Site =   83 ..  Bmem = 1.98 GB Rmem = 3.58 GB T = 27.79
 INIT-R <-- Site =   82 ..  Bmem = 3.58 GB Rmem = 3.62 GB T = 29.03
 INIT-R <-- Site =   81 ..  Bmem = 3.62 GB Rmem = 3.64 GB T = 29.70
 INIT-R <-- Site =   80 ..  Bmem = 3.64 GB Rmem = 3.66 GB T = 32.13
 INIT-R <-- Site =   79 ..  Bmem = 3.66 GB Rmem = 3.68 GB T = 32.19
 INIT-R <-- Site =   78 ..  Bmem = 3.68 GB Rmem = 3.70 GB T = 31.57
 INIT-R <-- Site =   77 ..  Bmem = 3.70 GB Rmem = 5.37 GB T = 35.69
 INIT-R <-- Site =   76 ..  Bmem = 5.37 GB Rmem = 5.32 GB T = 40.04
 INIT-R <-- Site =   75 ..  Bmem = 5.32 GB Rmem = 5.32 GB T = 39.90
 INIT-R <-- Site =   74 ..  Bmem = 5.32 GB Rmem = 5.33 GB T = 34.65
 INIT-R <-- Site =   73 ..  Bmem = 5.33 GB Rmem = 5.33 GB T = 35.44
 INIT-R <-- Site =   72 ..  Bmem = 5.33 GB Rmem = 5.34 GB T = 34.95
 INIT-R <-- Site =   71 ..  Bmem = 5.34 GB Rmem = 6.98 GB T = 51.71
 INIT-R <-- Site =   70 ..  Bmem = 6.98 GB Rmem = 6.95 GB T = 51.32
 INIT-R <-- Site =   69 ..  Bmem = 6.95 GB Rmem = 6.93 GB T = 50.46
 INIT-R <-- Site =   68 ..  Bmem = 6.93 GB Rmem = 6.93 GB T = 51.65
 INIT-R <-- Site =   67 ..  Bmem = 6.93 GB Rmem = 6.92 GB T = 53.13
 INIT-R <-- Site =   66 ..  Bmem = 6.92 GB Rmem = 6.92 GB T = 50.60
 INIT-R <-- Site =   65 ..  Bmem = 6.92 GB Rmem = 8.61 GB T = 63.54
 INIT-R <-- Site =   64 ..  Bmem = 8.61 GB Rmem = 8.52 GB T = 64.81
 INIT-R <-- Site =   63 ..  Bmem = 8.52 GB Rmem = 8.50 GB T = 62.89
 INIT-R <-- Site =   62 ..  Bmem = 8.50 GB Rmem = 8.49 GB T = 60.24
 INIT-R <-- Site =   61 ..  Bmem = 8.49 GB Rmem = 8.49 GB T = 73.63
 INIT-R <-- Site =   60 ..  Bmem = 8.49 GB Rmem = 8.50 GB T = 58.16
 INIT-R <-- Site =   59 ..  Bmem = 8.50 GB Rmem = 10.1 GB T = 65.53
 INIT-R <-- Site =   58 ..  Bmem = 10.1 GB Rmem = 10.1 GB T = 68.09
 INIT-R <-- Site =   57 ..  Bmem = 10.1 GB Rmem = 10.1 GB T = 65.62
 INIT-R <-- Site =   56 ..  Bmem = 10.1 GB Rmem = 10.1 GB T = 66.65
 INIT-R <-- Site =   55 ..  Bmem = 10.1 GB Rmem = 10.1 GB T = 65.74
 INIT-R <-- Site =   54 ..  Bmem = 10.1 GB Rmem = 10.1 GB T = 67.60
 INIT-R <-- Site =   53 ..  Bmem = 10.1 GB Rmem = 11.8 GB T = 73.72
 INIT-R <-- Site =   52 ..  Bmem = 11.8 GB Rmem = 11.6 GB T = 72.83
 INIT-R <-- Site =   51 ..  Bmem = 11.6 GB Rmem = 11.6 GB T = 70.19
 INIT-R <-- Site =   50 ..  Bmem = 11.6 GB Rmem = 11.6 GB T = 73.14
 INIT-R <-- Site =   49 ..  Bmem = 11.6 GB Rmem = 11.6 GB T = 85.63
 INIT-R <-- Site =   48 ..  Bmem = 11.6 GB Rmem = 11.6 GB T = 82.39
 INIT-R <-- Site =   47 ..  Bmem = 11.6 GB Rmem = 13.3 GB T = 84.91
 INIT-R <-- Site =   46 ..  Bmem = 13.3 GB Rmem = 13.2 GB T = 86.08
 INIT-R <-- Site =   45 ..  Bmem = 13.2 GB Rmem = 13.2 GB T = 85.82
 INIT-R <-- Site =   44 ..  Bmem = 13.2 GB Rmem = 13.2 GB T = 87.25
 INIT-R <-- Site =   43 ..  Bmem = 13.2 GB Rmem = 13.2 GB T = 87.88
 INIT-R <-- Site =   42 ..  Bmem = 13.2 GB Rmem = 13.2 GB T = 84.87
 INIT-R <-- Site =   41 ..  Bmem = 13.2 GB Rmem = 15.0 GB T = 98.92
 INIT-R <-- Site =   40 ..  Bmem = 15.0 GB Rmem = 14.9 GB T = 98.11
 INIT-R <-- Site =   39 ..  Bmem = 14.9 GB Rmem = 14.8 GB T = 94.84
 INIT-R <-- Site =   38 ..  Bmem = 14.8 GB Rmem = 14.8 GB T = 96.64
 INIT-R <-- Site =   37 ..  Bmem = 14.8 GB Rmem = 14.8 GB T = 96.55
 INIT-R <-- Site =   36 ..  Bmem = 14.8 GB Rmem = 14.9 GB T = 97.58
 INIT-R <-- Site =   35 ..  Bmem = 14.9 GB Rmem = 16.5 GB T = 104.70
 INIT-R <-- Site =   34 ..  Bmem = 16.5 GB Rmem = 16.5 GB T = 104.97
 INIT-R <-- Site =   33 ..  Bmem = 16.5 GB Rmem = 16.5 GB T = 104.97
 INIT-R <-- Site =   32 ..  Bmem = 16.5 GB Rmem = 16.5 GB T = 100.70
 INIT-R <-- Site =   31 ..  Bmem = 16.5 GB Rmem = 16.5 GB T = 104.77
 INIT-R <-- Site =   30 ..  Bmem = 16.5 GB Rmem = 16.5 GB T = 103.48
 INIT-R <-- Site =   29 ..  Bmem = 16.5 GB Rmem = 18.3 GB T = 109.04
 INIT-R <-- Site =   28 ..  Bmem = 18.3 GB Rmem = 18.2 GB T = 108.44
 INIT-R <-- Site =   27 ..  Bmem = 18.2 GB Rmem = 18.2 GB T = 108.23
 INIT-R <-- Site =   26 ..  Bmem = 18.2 GB Rmem = 18.2 GB T = 110.52
 INIT-R <-- Site =   25 ..  Bmem = 18.2 GB Rmem = 18.2 GB T = 109.70
 INIT-R <-- Site =   24 ..  Bmem = 18.2 GB Rmem = 18.2 GB T = 110.80
 INIT-R <-- Site =   23 ..  Bmem = 18.2 GB Rmem = 19.9 GB T = 120.37
 INIT-R <-- Site =   22 ..  Bmem = 19.9 GB Rmem = 19.9 GB T = 122.99
 INIT-R <-- Site =   21 ..  Bmem = 19.9 GB Rmem = 19.8 GB T = 124.21
 INIT-R <-- Site =   20 ..  Bmem = 19.8 GB Rmem = 19.8 GB T = 125.20
 INIT-R <-- Site =   19 ..  Bmem = 19.8 GB Rmem = 19.8 GB T = 124.56
 INIT-R <-- Site =   18 ..  Bmem = 19.8 GB Rmem = 19.8 GB T = 122.80
 INIT-R <-- Site =   17 ..  Bmem = 19.8 GB Rmem = 21.6 GB T = 140.03
 INIT-R <-- Site =   16 ..  Bmem = 21.6 GB Rmem = 21.4 GB T = 133.58
 INIT-R <-- Site =   15 ..  Bmem = 21.4 GB Rmem = 21.3 GB T = 136.22
 INIT-R <-- Site =   14 ..  Bmem = 21.3 GB Rmem = 21.1 GB T = 131.43
 INIT-R <-- Site =   13 ..  Bmem = 21.1 GB Rmem = 21.0 GB T = 131.04
 INIT-R <-- Site =   12 ..  Bmem = 21.0 GB Rmem = 20.9 GB T = 131.82
 INIT-R <-- Site =   11 ..  Bmem = 20.9 GB Rmem = 22.2 GB T = 132.81
 INIT-R <-- Site =   10 ..  Bmem = 22.2 GB Rmem = 21.7 GB T = 131.05
 INIT-R <-- Site =    9 ..  Bmem = 21.7 GB Rmem = 21.1 GB T = 127.09
 INIT-R <-- Site =    8 ..  Bmem = 21.1 GB Rmem = 20.7 GB T = 122.77
 INIT-R <-- Site =    7 ..  Bmem = 20.7 GB Rmem = 28.2 GB T = 147.58
 INIT-R <-- Site =    6 ..  Bmem = 28.2 GB Rmem = 41.1 GB T = 259.93
 INIT-R <-- Site =    5 ..  Bmem = 41.1 GB Rmem = 41.1 GB T = 352.10
 INIT-R <-- Site =    4 ..  Bmem = 41.1 GB Rmem = 3.31 GB T = 103.34
 INIT-R <-- Site =    3 ..  Bmem = 3.31 GB Rmem = 21.4 MB T = 6.97
 INIT-R <-- Site =    2 ..  Bmem = 21.4 MB Rmem = 2.59 MB T = 0.63
 INIT-R <-- Site =    1 ..  Bmem = 2.59 MB Rmem =  121 KB T = 0.11
 INIT-R <-- Site =    0 ..  Bmem =  121 KB Rmem = 7.88 KB T = 0.04
Time init sweep =     7327.570 | MaxBmem = 41.1 GB | MaxRmem = 41.1 GB
 | Tread = 0.000 | Twrite = 1015.351 | Tfpread = 0.000 | Tfpwrite = 1014.632 | data = 1.08 TB | cpsd = 797 GB | Tasync = 0.000


Expectation | Direction =  forward | BRA bond dimension = 32000 | KET bond dimension = 32000
 --> Site =    0 .. Nterms =          191 Error =  0.000000000000/ 0.000000000000 FLOPS = 8.46e+04 Tmult = 0.08 T = 450.68
 --> Site =    1 .. Nterms =          189 Error =  0.000000000000/ 0.000000000000 FLOPS = 1.62e+06 Tmult = 0.07 T = 0.17
 --> Site =    2 .. Nterms =          187 Error =  0.000000000000/ 0.000000000000 FLOPS = 2.80e+07 Tmult = 0.10 T = 0.26
 --> Site =    3 .. Nterms =          185 Error =  0.000000000000/ 0.000000000000 FLOPS = 4.21e+08 Tmult = 0.09 T = 0.24
 --> Site =    4 .. Nterms =          183 Error =  0.000000000000/ 0.000000000000 FLOPS = 2.58e+10 Tmult = 0.49 T = 5.78
 --> Site =    5 .. Nterms =          181 Error =  0.000000000000/ 0.000000000000 FLOPS = 1.09e+11 Tmult = 4.05 T = 55.66
 --> Site =    6 .. Nterms =          179 Error =  0.000000000000/ 0.000000000000 FLOPS = 2.12e+11 Tmult = 7.95 T = 64.87
 --> Site =    7 .. Nterms =          177 Error =  0.000000000000/ 0.000000000000 FLOPS = 6.04e+11 Tmult = 8.68 T = 57.06
 --> Site =    8 .. Nterms =          175 Error =  0.000000000000/ 0.000000000000 FLOPS = 4.80e+11 Tmult = 11.45 T = 232.75
 --> Site =    9 .. Nterms =          173 Error =  0.000000000000/ 0.000000000000 FLOPS = 5.96e+11 Tmult = 9.61 T = 426.06
 --> Site =   10 .. Nterms =          171 Error =  0.000000000000/ 0.000000000000 FLOPS = 7.61e+11 Tmult = 7.94 T = 505.88
 --> Site =   11 .. Nterms =          169 Error =  0.000000000000/ 0.000000000000 FLOPS = 8.59e+11 Tmult = 7.39 T = 440.81
 --> Site =   12 .. Nterms =          167 Error =  0.000000000000/ 0.000000000000 FLOPS = 5.49e+11 Tmult = 11.86 T = 541.41
 --> Site =   13 .. Nterms =          165 Error =  0.000000000000/ 0.000000000000 FLOPS = 5.83e+11 Tmult = 11.32 T = 537.06
 --> Site =   14 .. Nterms =          163 Error =  0.000000000000/ 0.000000000000 FLOPS = 5.42e+11 Tmult = 12.31 T = 533.50
 --> Site =   15 .. Nterms =          161 Error =  0.000000000000/ 0.000000000000 FLOPS = 6.96e+11 Tmult = 9.70 T = 580.11
 --> Site =   16 .. Nterms =          159 Error =  0.000000000000/ 0.000000000000 FLOPS = 8.63e+11 Tmult = 7.91 T = 495.92
 --> Site =   17 .. Nterms =          157 Error =  0.000000000000/ 0.000000000000 FLOPS = 8.51e+11 Tmult = 8.22 T = 615.25
 --> Site =   18 .. Nterms =          155 Error =  0.000000000000/ 0.000000000000 FLOPS = 9.17e+11 Tmult = 7.48 T = 500.26
 --> Site =   19 .. Nterms =          153 Error =  0.000000000000/ 0.000000000000 FLOPS = 7.21e+11 Tmult = 9.52 T = 629.99
 --> Site =   20 .. Nterms =          151 Error =  0.000000000000/ 0.000000000000 FLOPS = 9.38e+11 Tmult = 7.33 T = 549.84
 --> Site =   21 .. Nterms =          149 Error =  0.000000000000/ 0.000000000000 FLOPS = 5.56e+11 Tmult = 12.37 T = 571.38
 --> Site =   22 .. Nterms =          147 Error =  0.000000000000/ 0.000000000000 FLOPS = 7.46e+11 Tmult = 9.27 T = 587.12
 --> Site =   23 .. Nterms =          145 Error =  0.000000000000/ 0.000000000000 FLOPS = 8.40e+11 Tmult = 8.29 T = 530.53
 --> Site =   24 .. Nterms =          143 Error =  0.000000000000/ 0.000000000000 FLOPS = 6.07e+11 Tmult = 11.35 T = 614.16
 --> Site =   25 .. Nterms =          141 Error =  0.000000000000/ 0.000000000000 FLOPS = 7.33e+11 Tmult = 9.35 T = 496.69
 --> Site =   26 .. Nterms =          139 Error =  0.000000000000/ 0.000000000000 FLOPS = 4.62e+11 Tmult = 14.82 T = 613.24
 --> Site =   27 .. Nterms =          137 Error =  0.000000000000/ 0.000000000000 FLOPS = 5.65e+11 Tmult = 12.10 T = 495.92
 --> Site =   28 .. Nterms =          135 Error =  0.000000000000/ 0.000000000000 FLOPS = 5.32e+11 Tmult = 12.85 T = 589.04
 --> Site =   29 .. Nterms =          133 Error =  0.000000000000/ 0.000000000000 FLOPS = 8.37e+11 Tmult = 8.34 T = 547.73
 --> Site =   30 .. Nterms =          131 Error =  0.000000000000/ 0.000000000000 FLOPS = 7.40e+11 Tmult = 9.19 T = 576.38
 --> Site =   31 .. Nterms =          129 Error =  0.000000000000/ 0.000000000000 FLOPS = 6.23e+11 Tmult = 10.89 T = 583.74
 --> Site =   32 .. Nterms =          127 Error =  0.000000000000/ 0.000000000000 FLOPS = 5.37e+11 Tmult = 12.59 T = 506.93
 --> Site =   33 .. Nterms =          125 Error =  0.000000000000/ 0.000000000000 FLOPS = 6.63e+11 Tmult = 10.19 T = 596.87
 --> Site =   34 .. Nterms =          123 Error =  0.000000000000/ 0.000000000000 FLOPS = 6.27e+11 Tmult = 10.80 T = 467.94
 --> Site =   35 .. Nterms =          121 Error =  0.000000000000/ 0.000000000000 FLOPS = 8.94e+11 Tmult = 7.62 T = 591.71
 --> Site =   36 .. Nterms =          119 Error =  0.000000000000/ 0.000000000000 FLOPS = 6.77e+11 Tmult = 9.98 T = 539.61
 --> Site =   37 .. Nterms =          117 Error =  0.000000000000/ 0.000000000000 FLOPS = 4.98e+11 Tmult = 13.49 T = 553.96
 --> Site =   38 .. Nterms =          115 Error =  0.000000000000/ 0.000000000000 FLOPS = 5.64e+11 Tmult = 11.90 T = 580.26
 --> Site =   39 .. Nterms =          113 Error =  0.000000000000/ 0.000000000000 FLOPS = 5.79e+11 Tmult = 11.59 T = 498.47
 --> Site =   40 .. Nterms =          111 Error =  0.000000000000/ 0.000000000000 FLOPS = 5.05e+11 Tmult = 13.32 T = 591.67
 --> Site =   41 .. Nterms =          109 Error =  0.000000000000/ 0.000000000000 FLOPS = 7.51e+11 Tmult = 9.18 T = 452.21
 --> Site =   42 .. Nterms =          107 Error =  0.000000000000/ 0.000000000000 FLOPS = 6.06e+11 Tmult = 11.07 T = 604.03
 --> Site =   43 .. Nterms =          105 Error =  0.000000000000/ 0.000000000000 FLOPS = 5.49e+11 Tmult = 12.19 T = 520.59
 --> Site =   44 .. Nterms =          103 Error =  0.000000000000/ 0.000000000000 FLOPS = 6.44e+11 Tmult = 10.37 T = 549.55
 --> Site =   45 .. Nterms =          101 Error =  0.000000000000/ 0.000000000000 FLOPS = 5.32e+11 Tmult = 12.54 T = 555.72
 --> Site =   46 .. Nterms =           99 Error =  0.000000000000/ 0.000000000000 FLOPS = 5.97e+11 Tmult = 11.22 T = 521.11
 --> Site =   47 .. Nterms =           97 Error =  0.000000000000/ 0.000000000000 FLOPS = 6.33e+11 Tmult = 10.62 T = 581.38
 --> Site =   48 .. Nterms =           95 Error =  0.000000000000/ 0.000000000000 FLOPS = 5.88e+11 Tmult = 11.38 T = 449.05
 --> Site =   49 .. Nterms =           93 Error =  0.000000000000/ 0.000000000000 FLOPS = 5.49e+11 Tmult = 12.16 T = 587.69
 --> Site =   50 .. Nterms =           91 Error =  0.000000000000/ 0.000000000000 FLOPS = 5.64e+11 Tmult = 11.84 T = 504.04
 --> Site =   51 .. Nterms =           89 Error =  0.000000000000/ 0.000000000000 FLOPS = 5.86e+11 Tmult = 11.41 T = 537.15
 --> Site =   52 .. Nterms =           87 Error =  0.000000000000/ 0.000000000000 FLOPS = 5.94e+11 Tmult = 11.29 T = 548.51
 --> Site =   53 .. Nterms =           85 Error =  0.000000000000/ 0.000000000000 FLOPS = 9.48e+11 Tmult = 7.27 T = 521.26
 --> Site =   54 .. Nterms =           83 Error =  0.000000000000/ 0.000000000000 FLOPS = 6.02e+11 Tmult = 11.17 T = 610.52
 --> Site =   55 .. Nterms =           81 Error =  0.000000000000/ 0.000000000000 FLOPS = 6.54e+11 Tmult = 10.27 T = 450.55
 --> Site =   56 .. Nterms =           79 Error =  0.000000000000/ 0.000000000000 FLOPS = 5.54e+11 Tmult = 12.12 T = 572.73
 --> Site =   57 .. Nterms =           77 Error =  0.000000000000/ 0.000000000000 FLOPS = 6.22e+11 Tmult = 10.79 T = 505.75
 --> Site =   58 .. Nterms =           75 Error =  0.000000000000/ 0.000000000000 FLOPS = 6.19e+11 Tmult = 10.92 T = 574.95
 --> Site =   59 .. Nterms =           73 Error =  0.000000000000/ 0.000000000000 FLOPS = 7.33e+11 Tmult = 9.29 T = 555.71
 --> Site =   60 .. Nterms =           71 Error =  0.000000000000/ 0.000000000000 FLOPS = 6.22e+11 Tmult = 10.88 T = 524.93
 --> Site =   61 .. Nterms =           69 Error =  0.000000000000/ 0.000000000000 FLOPS = 5.79e+11 Tmult = 11.66 T = 582.95
 --> Site =   62 .. Nterms =           67 Error =  0.000000000000/ 0.000000000000 FLOPS = 6.20e+11 Tmult = 10.90 T = 484.67
 --> Site =   63 .. Nterms =           65 Error =  0.000000000000/ 0.000000000000 FLOPS = 5.56e+11 Tmult = 12.19 T = 594.07
 --> Site =   64 .. Nterms =           63 Error =  0.000000000000/ 0.000000000000 FLOPS = 7.07e+11 Tmult = 9.62 T = 496.55
 --> Site =   65 .. Nterms =           61 Error =  0.000000000000/ 0.000000000000 FLOPS = 8.34e+11 Tmult = 8.36 T = 538.95
 --> Site =   66 .. Nterms =           59 Error =  0.000000000000/ 0.000000000000 FLOPS = 5.93e+11 Tmult = 11.51 T = 569.63
 --> Site =   67 .. Nterms =           57 Error =  0.000000000000/ 0.000000000000 FLOPS = 6.47e+11 Tmult = 10.56 T = 547.90
 --> Site =   68 .. Nterms =           55 Error =  0.000000000000/ 0.000000000000 FLOPS = 5.87e+11 Tmult = 11.66 T = 597.89
 --> Site =   69 .. Nterms =           53 Error =  0.000000000000/ 0.000000000000 FLOPS = 6.81e+11 Tmult = 10.06 T = 500.25
 --> Site =   70 .. Nterms =           51 Error =  0.000000000000/ 0.000000000000 FLOPS = 6.47e+11 Tmult = 10.63 T = 592.14
 --> Site =   71 .. Nterms =           49 Error =  0.000000000000/ 0.000000000000 FLOPS = 7.50e+11 Tmult = 9.26 T = 467.48
 --> Site =   72 .. Nterms =           47 Error =  0.000000000000/ 0.000000000000 FLOPS = 6.01e+11 Tmult = 11.49 T = 605.60
 --> Site =   73 .. Nterms =           45 Error =  0.000000000000/ 0.000000000000 FLOPS = 6.09e+11 Tmult = 11.27 T = 531.50
 --> Site =   74 .. Nterms =           43 Error =  0.000000000000/ 0.000000000000 FLOPS = 6.38e+11 Tmult = 10.77 T = 567.07
 --> Site =   75 .. Nterms =           41 Error =  0.000000000000/ 0.000000000000 FLOPS = 5.68e+11 Tmult = 12.07 T = 571.67
 --> Site =   76 .. Nterms =           39 Error =  0.000000000000/ 0.000000000000 FLOPS = 6.26e+11 Tmult = 10.95 T = 526.44
 --> Site =   77 .. Nterms =           37 Error =  0.000000000000/ 0.000000000000 FLOPS = 7.15e+11 Tmult = 9.77 T = 584.46
 --> Site =   78 .. Nterms =           35 Error =  0.000000000000/ 0.000000000000 FLOPS = 6.59e+11 Tmult = 10.34 T = 479.10
 --> Site =   79 .. Nterms =           33 Error =  0.000000000000/ 0.000000000000 FLOPS = 5.23e+11 Tmult = 12.89 T = 600.16
 --> Site =   80 .. Nterms =           31 Error =  0.000000000000/ 0.000000000000 FLOPS = 5.98e+11 Tmult = 11.13 T = 484.72
 --> Site =   81 .. Nterms =           29 Error =  0.000000000000/ 0.000000000000 FLOPS = 6.23e+11 Tmult = 10.57 T = 563.43
 --> Site =   82 .. Nterms =           27 Error =  0.000000000000/ 0.000000000000 FLOPS = 5.87e+11 Tmult = 11.05 T = 517.98
 --> Site =   83 .. Nterms =           25 Error =  0.000000000000/ 0.000000000000 FLOPS = 7.11e+11 Tmult = 8.91 T = 518.88
 --> Site =   84 .. Nterms =           23 Error =  0.000000000000/ 0.000000000000 FLOPS = 5.87e+11 Tmult = 10.28 T = 532.70
 --> Site =   85 .. Nterms =           21 Error =  0.000000000000/ 0.000000000000 FLOPS = 5.22e+11 Tmult = 10.93 T = 421.69
 --> Site =   86 .. Nterms =           19 Error =  0.000000000000/ 0.000000000000 FLOPS = 5.62e+11 Tmult = 9.79 T = 479.84
 --> Site =   87 .. Nterms =           17 Error =  0.000000000000/ 0.000000000000 FLOPS = 6.17e+11 Tmult = 8.16 T = 425.69
 --> Site =   88 .. Nterms =           15 Error =  0.000000000000/ 0.000000000000 FLOPS = 5.48e+11 Tmult = 3.05 T = 1348.49
 --> Site =   89 .. Nterms =           13 Error =  0.000000000000/ 0.000000000000 FLOPS = 5.02e+11 Tmult = 0.83 T = 4115.65
 --> Site =   90 .. Nterms =           11 Error =  0.000000000000/ 0.000000000000 FLOPS = 5.14e+10 Tmult = 0.24 T = 3214.89
 --> Site =   91 .. Nterms =            9 Error =  0.000000000000/ 0.000000000000 FLOPS = 1.65e+08 Tmult = 0.08 T = 88.01
 --> Site =   92 .. Nterms =            7 Error =  0.000000000000/ 0.000000000000 FLOPS = 5.62e+06 Tmult = 0.07 T = 0.36
 --> Site =   93 .. Nterms =            5 Error =  0.000000000000/ 0.000000000000 FLOPS = 8.86e+04 Tmult = 0.07 T = 0.18
 --> Site =   94 .. Nterms =            4 Error =  0.000000000000/ 0.000000000000 FLOPS = 3.00e+03 Tmult = 0.08 T = 0.21
 --> Site =   95 .. Nterms =            0 Error =  0.000000000000/ 0.000000000000 FLOPS = 0.00e+00 Tmult = 0.00 T = 0.01
Time elapsed =  52235.603
Time sweep =    52235.603 | 494 TFLOP/SWP
 | Tcomm = 49.756 | Tidle = 39700.356 | Twait = 0.000
 | Dmem = 56.9 GB (27%) | Imem = 12.2 KB (67%) | Hmem = 41.2 GB | Wmem = 511 MB | MaxBmem = 5.31 GB | MaxRmem = 4.83 GB
 | Tread = 1112.024 | Twrite = 151.036 | Tfpread = 1103.266 | Tfpwrite = 150.360 | data = 218 GB | cpsd = 146 GB | Tasync = 0.000
 | Trot = 1961.444 | Tctr = 84.351 | Tint = 0.011 | Tmid = 0.000 | Tdctr = 0.001 | Tdiag = 0.015 | Tinfo = 68.413
 | Teff = 1427.720 | Texpt = 873.037 | Tblk = 51785.021 | Tmve = 450.501

NPDM Sorting | Nsites =    96 | Nmaxops =  2 | DotSite = 0 | SymbolFree = T | Compressed = T | LowMem = F | Mem = 72.0 KB
 Site =     0 ..  T = 0.008
 Site =     1 ..  T = 0.013
 Site =     2 ..  T = 0.009
 Site =     3 ..  T = 0.007
 Site =     4 ..  T = 0.005
 Site =     5 ..  T = 0.004
 Site =     6 ..  T = 0.003
 Site =     7 ..  T = 0.003
 Site =     8 ..  T = 0.004
 Site =     9 ..  T = 0.004
 Site =    10 ..  T = 0.016
 Site =    11 ..  T = 0.019
 Site =    12 ..  T = 0.030
 Site =    13 ..  T = 0.030
 Site =    14 ..  T = 0.037
 Site =    15 ..  T = 0.023
 Site =    16 ..  T = 0.037
 Site =    17 ..  T = 0.025
 Site =    18 ..  T = 0.044
 Site =    19 ..  T = 0.040
 Site =    20 ..  T = 0.039
 Site =    21 ..  T = 0.032
 Site =    22 ..  T = 0.006
 Site =    23 ..  T = 0.028
 Site =    24 ..  T = 0.028
 Site =    25 ..  T = 0.030
 Site =    26 ..  T = 0.031
 Site =    27 ..  T = 0.031
 Site =    28 ..  T = 0.031
 Site =    29 ..  T = 0.029
 Site =    30 ..  T = 0.031
 Site =    31 ..  T = 0.037
 Site =    32 ..  T = 0.027
 Site =    33 ..  T = 0.032
 Site =    34 ..  T = 0.023
 Site =    35 ..  T = 0.030
 Site =    36 ..  T = 0.025
 Site =    37 ..  T = 0.017
 Site =    38 ..  T = 0.019
 Site =    39 ..  T = 0.028
 Site =    40 ..  T = 0.030
 Site =    41 ..  T = 0.029
 Site =    42 ..  T = 0.039
 Site =    43 ..  T = 0.030
 Site =    44 ..  T = 0.035
 Site =    45 ..  T = 0.021
 Site =    46 ..  T = 0.027
 Site =    47 ..  T = 0.036
 Site =    48 ..  T = 0.029
 Site =    49 ..  T = 0.025
 Site =    50 ..  T = 0.030
 Site =    51 ..  T = 0.031
 Site =    52 ..  T = 0.039
 Site =    53 ..  T = 0.024
 Site =    54 ..  T = 0.036
 Site =    55 ..  T = 0.025
 Site =    56 ..  T = 0.024
 Site =    57 ..  T = 0.036
 Site =    58 ..  T = 0.042
 Site =    59 ..  T = 0.019
 Site =    60 ..  T = 0.030
 Site =    61 ..  T = 0.031
 Site =    62 ..  T = 0.033
 Site =    63 ..  T = 0.028
 Site =    64 ..  T = 0.030
 Site =    65 ..  T = 0.035
 Site =    66 ..  T = 0.023
 Site =    67 ..  T = 0.037
 Site =    68 ..  T = 0.050
 Site =    69 ..  T = 0.031
 Site =    70 ..  T = 0.043
 Site =    71 ..  T = 0.032
 Site =    72 ..  T = 0.040
 Site =    73 ..  T = 0.048
 Site =    74 ..  T = 0.025
 Site =    75 ..  T = 0.025
 Site =    76 ..  T = 0.033
 Site =    77 ..  T = 0.025
 Site =    78 ..  T = 0.008
 Site =    79 ..  T = 0.027
 Site =    80 ..  T = 0.025
 Site =    81 ..  T = 0.028
 Site =    82 ..  T = 0.026
 Site =    83 ..  T = 0.028
 Site =    84 ..  T = 0.027
 Site =    85 ..  T = 0.029
 Site =    86 ..  T = 0.030
 Site =    87 ..  T = 0.031
 Site =    88 ..  T = 0.034
 Site =    89 ..  T = 0.026
 Site =    90 ..  T = 0.044
 Site =    91 ..  T = 0.021
 Site =    92 ..  T = 0.029
 Site =    93 ..  T = 0.030
 Site =    94 ..  T = 0.034
Ttotal =      2.596

MPI FINALIZE: rank 3 of 6
MPI FINALIZE: rank 5 of 6
MPI FINALIZE: rank 2 of 6
MPI FINALIZE: rank 1 of 6
MPI FINALIZE: rank 4 of 6
MPI FINALIZE: rank 0 of 6
